TN:
SF:C:\Users\tomya\Documents\HandicapHelper\Handicap-Helper\handicap-helper\src\polyfills.ts
FNF:0
FNH:0
LF:0
LH:0
BRF:0
BRH:0
end_of_record
TN:
SF:C:\Users\tomya\Documents\HandicapHelper\Handicap-Helper\handicap-helper\src\test.ts
FNF:0
FNH:0
DA:18,1
DA:24,1
DA:26,1
LF:3
LH:3
BRF:0
BRH:0
end_of_record
TN:
SF:C:\Users\tomya\Documents\HandicapHelper\Handicap-Helper\handicap-helper\src\app\app.component.ts
FN:12,(anonymous_0)
FN:16,(anonymous_1)
FNF:2
FNH:2
FNDA:4,(anonymous_0)
FNDA:2,(anonymous_1)
DA:9,1
DA:10,4
DA:13,4
DA:17,2
LF:4
LH:4
BRF:0
BRH:0
end_of_record
TN:
SF:C:\Users\tomya\Documents\HandicapHelper\Handicap-Helper\handicap-helper\src\app\auth\sign-in\sign-in.component.ts
FN:13,(anonymous_0)
FN:15,(anonymous_1)
FN:23,(anonymous_2)
FNF:3
FNH:2
FNDA:1,(anonymous_0)
FNDA:1,(anonymous_1)
FNDA:0,(anonymous_2)
DA:10,1
DA:11,1
DA:13,1
DA:24,0
DA:25,0
DA:27,0
DA:28,0
LF:7
LH:3
BRDA:24,0,0,0
BRDA:24,0,1,0
BRF:2
BRH:0
end_of_record
TN:
SF:C:\Users\tomya\Documents\HandicapHelper\Handicap-Helper\handicap-helper\src\app\auth\sign-up\sign-up.component.ts
FN:14,(anonymous_0)
FN:16,(anonymous_1)
FN:24,(anonymous_2)
FNF:3
FNH:2
FNDA:1,(anonymous_0)
FNDA:1,(anonymous_1)
FNDA:0,(anonymous_2)
DA:10,1
DA:12,1
DA:14,1
DA:25,0
DA:26,0
DA:28,0
DA:29,0
LF:7
LH:3
BRDA:25,0,0,0
BRDA:25,0,1,0
BRF:2
BRH:0
end_of_record
TN:
SF:C:\Users\tomya\Documents\HandicapHelper\Handicap-Helper\handicap-helper\src\app\delete-dialog\delete-dialog.component.ts
FN:11,(anonymous_0)
FN:13,(anonymous_1)
FN:16,(anonymous_2)
FN:20,(anonymous_3)
FNF:4
FNH:4
FNDA:3,(anonymous_0)
FNDA:3,(anonymous_1)
FNDA:1,(anonymous_2)
FNDA:1,(anonymous_3)
DA:9,1
DA:11,3
DA:17,1
DA:21,1
LF:4
LH:4
BRF:0
BRH:0
end_of_record
TN:
SF:C:\Users\tomya\Documents\HandicapHelper\Handicap-Helper\handicap-helper\src\app\handicap-index\handicap-index.component.ts
FN:22,(anonymous_0)
FN:27,(anonymous_1)
FN:31,(anonymous_2)
FN:34,(anonymous_3)
FN:39,(anonymous_4)
FN:43,(anonymous_5)
FN:52,(anonymous_6)
FN:54,(anonymous_7)
FN:66,(anonymous_8)
FN:81,(anonymous_9)
FN:122,(anonymous_10)
FNF:11
FNH:9
FNDA:9,(anonymous_0)
FNDA:9,(anonymous_1)
FNDA:0,(anonymous_2)
FNDA:0,(anonymous_3)
FNDA:9,(anonymous_4)
FNDA:9,(anonymous_5)
FNDA:17,(anonymous_6)
FNDA:8,(anonymous_7)
FNDA:8,(anonymous_8)
FNDA:8,(anonymous_9)
FNDA:8,(anonymous_10)
DA:13,1
DA:14,9
DA:20,9
DA:23,9
DA:24,9
DA:28,9
DA:29,9
DA:30,9
DA:32,0
DA:34,9
DA:35,0
DA:40,9
DA:44,9
DA:53,17
DA:54,17
DA:55,8
DA:56,8
DA:57,8
DA:58,8
DA:67,8
DA:68,8
DA:69,111
DA:70,111
DA:72,8
DA:73,8
DA:82,8
DA:83,8
DA:84,8
DA:85,1
DA:87,7
DA:88,1
DA:90,6
DA:91,1
DA:93,5
DA:94,1
DA:96,4
DA:97,1
DA:99,3
DA:100,1
DA:102,2
DA:103,1
DA:105,1
DA:106,1
DA:109,8
DA:110,8
DA:111,36
DA:113,8
DA:114,8
DA:123,8
LF:49
LH:47
BRDA:84,0,0,1
BRDA:84,0,1,7
BRDA:87,1,0,1
BRDA:87,1,1,6
BRDA:90,2,0,1
BRDA:90,2,1,5
BRDA:93,3,0,1
BRDA:93,3,1,4
BRDA:96,4,0,1
BRDA:96,4,1,3
BRDA:99,5,0,1
BRDA:99,5,1,2
BRDA:102,6,0,1
BRDA:102,6,1,1
BRDA:105,7,0,1
BRDA:105,7,1,0
BRF:16
BRH:15
end_of_record
TN:
SF:C:\Users\tomya\Documents\HandicapHelper\Handicap-Helper\handicap-helper\src\app\nav\nav.component.ts
FN:15,(anonymous_0)
FN:17,(anonymous_1)
FN:20,(anonymous_2)
FN:25,(anonymous_3)
FN:29,(anonymous_4)
FNF:5
FNH:5
FNDA:2,(anonymous_0)
FNDA:2,(anonymous_1)
FNDA:1,(anonymous_2)
FNDA:2,(anonymous_3)
FNDA:1,(anonymous_4)
DA:10,1
DA:13,2
DA:15,2
DA:18,2
DA:19,2
DA:21,1
DA:26,2
DA:30,1
LF:8
LH:8
BRF:0
BRH:0
end_of_record
TN:
SF:C:\Users\tomya\Documents\HandicapHelper\Handicap-Helper\handicap-helper\src\app\round-create\round-create.component.ts
FN:27,(anonymous_0)
FN:33,(anonymous_1)
FN:52,(anonymous_2)
FN:57,(anonymous_3)
FN:76,(anonymous_4)
FN:92,(anonymous_5)
FN:120,(anonymous_6)
FNF:7
FNH:6
FNDA:7,(anonymous_0)
FNDA:7,(anonymous_1)
FNDA:3,(anonymous_2)
FNDA:2,(anonymous_3)
FNDA:0,(anonymous_4)
FNDA:3,(anonymous_5)
FNDA:1,(anonymous_6)
DA:13,1
DA:15,7
DA:16,7
DA:17,7
DA:18,7
DA:19,7
DA:21,7
DA:24,7
DA:28,7
DA:29,7
DA:30,7
DA:37,7
DA:52,7
DA:53,3
DA:54,2
DA:55,2
DA:56,2
DA:57,2
DA:58,2
DA:59,2
DA:68,2
DA:77,0
DA:80,1
DA:81,1
DA:93,3
DA:94,1
DA:96,2
DA:97,2
DA:98,1
DA:106,1
DA:114,2
DA:121,1
LF:32
LH:31
BRDA:53,0,0,2
BRDA:53,0,1,1
BRDA:93,1,0,1
BRDA:93,1,1,2
BRDA:97,2,0,1
BRDA:97,2,1,1
BRF:6
BRH:6
end_of_record
TN:
SF:C:\Users\tomya\Documents\HandicapHelper\Handicap-Helper\handicap-helper\src\app\round-list\round-list.component.ts
FN:29,(anonymous_0)
FN:41,(anonymous_1)
FN:46,(anonymous_2)
FN:53,(anonymous_3)
FN:65,(anonymous_4)
FN:77,(anonymous_5)
FN:79,(anonymous_6)
FN:88,(anonymous_7)
FN:90,(anonymous_8)
FN:97,(anonymous_9)
FNF:10
FNH:8
FNDA:5,(anonymous_0)
FNDA:5,(anonymous_1)
FNDA:5,(anonymous_2)
FNDA:5,(anonymous_3)
FNDA:1,(anonymous_4)
FNDA:1,(anonymous_5)
FNDA:1,(anonymous_6)
FNDA:0,(anonymous_7)
FNDA:0,(anonymous_8)
FNDA:5,(anonymous_9)
DA:16,1
DA:17,5
DA:19,5
DA:20,5
DA:21,5
DA:22,5
DA:23,5
DA:25,5
DA:27,1
DA:30,5
DA:31,5
DA:32,5
DA:33,5
DA:42,5
DA:43,5
DA:44,5
DA:45,5
DA:47,5
DA:48,5
DA:49,5
DA:51,5
DA:52,5
DA:54,5
DA:55,5
DA:66,1
DA:67,1
DA:68,1
DA:69,1
DA:78,1
DA:79,1
DA:80,1
DA:81,1
DA:82,1
DA:83,1
DA:84,1
DA:89,0
DA:90,0
DA:91,0
DA:92,0
DA:98,5
DA:99,5
LF:41
LH:37
BRDA:91,0,0,0
BRDA:91,0,1,0
BRF:2
BRH:0
end_of_record
TN:
SF:C:\Users\tomya\Documents\HandicapHelper\Handicap-Helper\handicap-helper\src\app\services\auth.service.ts
FN:18,(anonymous_0)
FN:26,(anonymous_1)
FN:30,(anonymous_2)
FN:34,(anonymous_3)
FN:41,(anonymous_4)
FN:52,(anonymous_5)
FN:56,(anonymous_6)
FN:68,(anonymous_7)
FN:71,(anonymous_8)
FN:89,(anonymous_9)
FN:105,(anonymous_10)
FN:115,(anonymous_11)
FN:116,(anonymous_12)
FN:121,(anonymous_13)
FN:127,(anonymous_14)
FN:133,(anonymous_15)
FNF:16
FNH:7
FNDA:21,(anonymous_0)
FNDA:0,(anonymous_1)
FNDA:16,(anonymous_2)
FNDA:0,(anonymous_3)
FNDA:11,(anonymous_4)
FNDA:0,(anonymous_5)
FNDA:0,(anonymous_6)
FNDA:0,(anonymous_7)
FNDA:0,(anonymous_8)
FNDA:2,(anonymous_9)
FNDA:1,(anonymous_10)
FNDA:0,(anonymous_11)
FNDA:0,(anonymous_12)
FNDA:0,(anonymous_13)
FNDA:1,(anonymous_14)
FNDA:2,(anonymous_15)
DA:10,1
DA:12,21
DA:13,21
DA:19,21
DA:20,21
DA:27,0
DA:31,16
DA:35,0
DA:42,11
DA:53,0
DA:54,0
DA:55,0
DA:58,0
DA:69,0
DA:70,0
DA:72,0
DA:73,0
DA:74,0
DA:75,0
DA:76,0
DA:77,0
DA:78,0
DA:80,0
DA:81,0
DA:82,0
DA:83,0
DA:84,0
DA:90,2
DA:91,2
DA:92,2
DA:94,0
DA:95,0
DA:96,0
DA:97,0
DA:98,0
DA:99,0
DA:100,0
DA:101,0
DA:106,1
DA:107,1
DA:108,1
DA:109,1
DA:110,1
DA:111,1
DA:112,1
DA:116,0
DA:117,0
DA:122,0
DA:123,0
DA:124,0
DA:128,1
DA:129,1
DA:130,1
DA:134,2
DA:135,2
DA:136,2
DA:137,2
DA:138,2
DA:140,0
LF:59
LH:25
BRDA:74,0,0,0
BRDA:74,0,1,0
BRDA:91,1,0,2
BRDA:91,1,1,0
BRDA:96,2,0,0
BRDA:96,2,1,0
BRDA:137,3,0,2
BRDA:137,3,1,0
BRDA:137,4,0,2
BRDA:137,4,1,2
BRF:10
BRH:4
end_of_record
TN:
SF:C:\Users\tomya\Documents\HandicapHelper\Handicap-Helper\handicap-helper\src\app\services\rounds.service.ts
FN:16,(anonymous_0)
FN:24,(anonymous_1)
FN:33,(anonymous_2)
FN:36,(anonymous_3)
FN:38,(anonymous_4)
FN:51,(anonymous_5)
FN:60,(anonymous_6)
FN:62,(anonymous_7)
FN:63,(anonymous_8)
FN:82,(anonymous_9)
FN:92,(anonymous_10)
FN:116,(anonymous_11)
FN:127,(anonymous_12)
FN:141,(anonymous_13)
FN:152,(anonymous_14)
FN:161,(anonymous_15)
FNF:16
FNH:11
FNDA:24,(anonymous_0)
FNDA:1,(anonymous_1)
FNDA:6,(anonymous_2)
FNDA:1,(anonymous_3)
FNDA:20,(anonymous_4)
FNDA:1,(anonymous_5)
FNDA:9,(anonymous_6)
FNDA:0,(anonymous_7)
FNDA:0,(anonymous_8)
FNDA:1,(anonymous_9)
FNDA:1,(anonymous_10)
FNDA:1,(anonymous_11)
FNDA:0,(anonymous_12)
FNDA:1,(anonymous_13)
FNDA:0,(anonymous_14)
FNDA:0,(anonymous_15)
DA:11,1
DA:12,24
DA:13,24
DA:14,24
DA:17,24
DA:18,24
DA:25,1
DA:34,6
DA:35,6
DA:37,1
DA:39,20
DA:52,1
DA:53,1
DA:61,9
DA:63,0
DA:64,0
DA:83,1
DA:93,1
DA:102,1
DA:117,1
DA:126,1
DA:128,0
DA:142,1
DA:151,1
DA:153,0
DA:162,0
LF:26
LH:21
BRF:0
BRH:0
end_of_record
TN:
SF:C:\Users\tomya\Documents\HandicapHelper\Handicap-Helper\handicap-helper\src\tests\test-assets\activated-route-stub.ts
FN:27,(anonymous_0)
FN:43,(anonymous_1)
FNF:2
FNH:2
FNDA:7,(anonymous_0)
FNDA:3,(anonymous_1)
DA:23,7
DA:24,7
DA:25,7
DA:30,7
DA:31,7
DA:34,7
DA:45,3
DA:46,3
DA:50,3
DA:51,5
DA:52,5
DA:53,2
DA:55,5
DA:58,3
DA:59,3
DA:60,3
DA:61,3
DA:63,3
DA:64,3
DA:65,3
LF:20
LH:20
BRDA:43,0,0,1
BRDA:52,1,0,2
BRDA:52,1,1,3
BRF:3
BRH:3
end_of_record
